[debug] [2020-11-21T05:45:11.992Z] ----------------------------------------------------------------------
[debug] [2020-11-21T05:45:11.996Z] Command:       C:\Program Files\nodejs\node.exe C:\Program Files\nodejs\node_modules\firebase-tools\lib\bin\firebase.js deploy --only functions
[debug] [2020-11-21T05:45:11.997Z] CLI Version:   8.16.2
[debug] [2020-11-21T05:45:11.997Z] Platform:      win32
[debug] [2020-11-21T05:45:11.997Z] Node Version:  v14.0.0
[debug] [2020-11-21T05:45:11.999Z] Time:          Sat Nov 21 2020 02:45:11 GMT-0300 (hora de verano de Chile)
[debug] [2020-11-21T05:45:11.999Z] ----------------------------------------------------------------------
[debug] [2020-11-21T05:45:12.000Z] 
[debug] [2020-11-21T05:45:12.018Z] > command requires scopes: ["email","openid","https://www.googleapis.com/auth/cloudplatformprojects.readonly","https://www.googleapis.com/auth/firebase","https://www.googleapis.com/auth/cloud-platform"]
[debug] [2020-11-21T05:45:12.019Z] > authorizing via signed-in user
[debug] [2020-11-21T05:45:12.019Z] [iam] checking project henrybankfire for permissions ["cloudfunctions.functions.create","cloudfunctions.functions.delete","cloudfunctions.functions.get","cloudfunctions.functions.list","cloudfunctions.functions.update","cloudfunctions.operations.get","firebase.projects.get"]
[debug] [2020-11-21T05:45:12.025Z] >>> HTTP REQUEST POST https://cloudresourcemanager.googleapis.com/v1/projects/henrybankfire:testIamPermissions  
 {"permissions":["cloudfunctions.functions.create","cloudfunctions.functions.delete","cloudfunctions.functions.get","cloudfunctions.functions.list","cloudfunctions.functions.update","cloudfunctions.operations.get","firebase.projects.get"]}
[debug] [2020-11-21T05:45:13.024Z] <<< HTTP RESPONSE 200 {"content-type":"application/json; charset=UTF-8","vary":"X-Origin, Referer, Origin,Accept-Encoding","date":"Sat, 21 Nov 2020 05:45:12 GMT","server":"ESF","cache-control":"private","x-xss-protection":"0","x-frame-options":"SAMEORIGIN","x-content-type-options":"nosniff","server-timing":"gfet4t7; dur=806","alt-svc":"h3-29=\":443\"; ma=2592000,h3-T051=\":443\"; ma=2592000,h3-Q050=\":443\"; ma=2592000,h3-Q046=\":443\"; ma=2592000,h3-Q043=\":443\"; ma=2592000,quic=\":443\"; ma=2592000; v=\"46,43\"","accept-ranges":"none","transfer-encoding":"chunked"}
[debug] [2020-11-21T05:45:13.028Z] >>> HTTP REQUEST POST https://iam.googleapis.com/v1/projects/henrybankfire/serviceAccounts/henrybankfire@appspot.gserviceaccount.com:testIamPermissions  
 {"permissions":["iam.serviceAccounts.actAs"]}
[debug] [2020-11-21T05:45:14.025Z] <<< HTTP RESPONSE 200 {"content-type":"application/json; charset=UTF-8","vary":"X-Origin, Referer, Origin,Accept-Encoding","date":"Sat, 21 Nov 2020 05:45:13 GMT","server":"ESF","cache-control":"private","x-xss-protection":"0","x-frame-options":"SAMEORIGIN","x-content-type-options":"nosniff","alt-svc":"h3-29=\":443\"; ma=2592000,h3-T051=\":443\"; ma=2592000,h3-Q050=\":443\"; ma=2592000,h3-Q046=\":443\"; ma=2592000,h3-Q043=\":443\"; ma=2592000,quic=\":443\"; ma=2592000; v=\"46,43\"","accept-ranges":"none","transfer-encoding":"chunked"}
[info] 
[info] === Deploying to 'henrybankfire'...
[info] 
[info] i  deploying functions 
[info] Running command: npm --prefix "$RESOURCE_DIR" run lint
[info] +  functions: Finished running predeploy script. 
[debug] [2020-11-21T05:45:22.448Z] > [functions] package.json contents: {
  "name": "functions",
  "description": "Cloud Functions for Firebase",
  "scripts": {
    "lint": "eslint .",
    "serve": "firebase emulators:start --only functions",
    "shell": "firebase functions:shell",
    "start": "npm run shell",
    "deploy": "firebase deploy --only functions",
    "logs": "firebase functions:log"
  },
  "engines": {
    "node": "12"
  },
  "main": "index.js",
  "dependencies": {
    "cors": "^2.8.5",
    "express": "^4.17.1",
    "firebase-admin": "^9.2.0",
    "firebase-functions": "^3.11.0",
    "jsonwebtoken": "^8.5.1",
    "react-native-screens": "^2.14.0"
  },
  "devDependencies": {
    "eslint": "^5.12.0",
    "eslint-plugin-promise": "^4.0.1",
    "firebase-functions-test": "^0.2.0"
  },
  "private": true
}
[info] i  functions: ensuring required API cloudfunctions.googleapis.com is enabled... 
[info] i  functions: ensuring required API cloudbuild.googleapis.com is enabled... 
[debug] [2020-11-21T05:45:25.498Z] >>> HTTP REQUEST GET https://serviceusage.googleapis.com/v1/projects/henrybankfire/services/cloudfunctions.googleapis.com  
 
[debug] [2020-11-21T05:45:25.499Z] >>> HTTP REQUEST GET https://serviceusage.googleapis.com/v1/projects/henrybankfire/services/runtimeconfig.googleapis.com  
 
[debug] [2020-11-21T05:45:25.499Z] >>> HTTP REQUEST GET https://serviceusage.googleapis.com/v1/projects/henrybankfire/services/cloudbuild.googleapis.com  
 
[debug] [2020-11-21T05:45:26.787Z] <<< HTTP RESPONSE 200 {"content-type":"application/json; charset=UTF-8","vary":"X-Origin, Referer, Origin,Accept-Encoding","date":"Sat, 21 Nov 2020 05:45:26 GMT","server":"ESF","cache-control":"private","x-xss-protection":"0","x-frame-options":"SAMEORIGIN","x-content-type-options":"nosniff","alt-svc":"h3-29=\":443\"; ma=2592000,h3-T051=\":443\"; ma=2592000,h3-Q050=\":443\"; ma=2592000,h3-Q046=\":443\"; ma=2592000,h3-Q043=\":443\"; ma=2592000,quic=\":443\"; ma=2592000; v=\"46,43\"","accept-ranges":"none","transfer-encoding":"chunked"}
[debug] [2020-11-21T05:45:26.815Z] <<< HTTP RESPONSE 200 {"content-type":"application/json; charset=UTF-8","vary":"X-Origin, Referer, Origin,Accept-Encoding","date":"Sat, 21 Nov 2020 05:45:26 GMT","server":"ESF","cache-control":"private","x-xss-protection":"0","x-frame-options":"SAMEORIGIN","x-content-type-options":"nosniff","alt-svc":"h3-29=\":443\"; ma=2592000,h3-T051=\":443\"; ma=2592000,h3-Q050=\":443\"; ma=2592000,h3-Q046=\":443\"; ma=2592000,h3-Q043=\":443\"; ma=2592000,quic=\":443\"; ma=2592000; v=\"46,43\"","accept-ranges":"none","transfer-encoding":"chunked"}
[info] +  functions: required API cloudbuild.googleapis.com is enabled 
[debug] [2020-11-21T05:45:26.867Z] <<< HTTP RESPONSE 200 {"content-type":"application/json; charset=UTF-8","vary":"X-Origin, Referer, Origin,Accept-Encoding","date":"Sat, 21 Nov 2020 05:45:26 GMT","server":"ESF","cache-control":"private","x-xss-protection":"0","x-frame-options":"SAMEORIGIN","x-content-type-options":"nosniff","alt-svc":"h3-29=\":443\"; ma=2592000,h3-T051=\":443\"; ma=2592000,h3-Q050=\":443\"; ma=2592000,h3-Q046=\":443\"; ma=2592000,h3-Q043=\":443\"; ma=2592000,quic=\":443\"; ma=2592000; v=\"46,43\"","accept-ranges":"none","transfer-encoding":"chunked"}
[info] +  functions: required API cloudfunctions.googleapis.com is enabled 
[debug] [2020-11-21T05:45:26.869Z] >>> HTTP REQUEST GET https://firebase.googleapis.com/v1beta1/projects/henrybankfire/adminSdkConfig  
 
[debug] [2020-11-21T05:45:27.934Z] <<< HTTP RESPONSE 200 {"content-type":"application/json; charset=UTF-8","vary":"X-Origin, Referer, Origin,Accept-Encoding","date":"Sat, 21 Nov 2020 05:45:27 GMT","server":"ESF","cache-control":"private","x-xss-protection":"0","x-frame-options":"SAMEORIGIN","x-content-type-options":"nosniff","alt-svc":"h3-29=\":443\"; ma=2592000,h3-T051=\":443\"; ma=2592000,h3-Q050=\":443\"; ma=2592000,h3-Q046=\":443\"; ma=2592000,h3-Q043=\":443\"; ma=2592000,quic=\":443\"; ma=2592000; v=\"46,43\"","accept-ranges":"none","transfer-encoding":"chunked"}
[info] i  functions: preparing functions directory for uploading... 
[debug] [2020-11-21T05:45:27.938Z] >>> HTTP REQUEST GET https://runtimeconfig.googleapis.com/v1beta1/projects/henrybankfire/configs  
 
[debug] [2020-11-21T05:45:28.297Z] <<< HTTP RESPONSE 200 {"content-type":"application/json; charset=UTF-8","vary":"X-Origin, Referer, Origin,Accept-Encoding","date":"Sat, 21 Nov 2020 05:45:28 GMT","server":"ESF","cache-control":"private","x-xss-protection":"0","x-frame-options":"SAMEORIGIN","x-content-type-options":"nosniff","alt-svc":"h3-29=\":443\"; ma=2592000,h3-T051=\":443\"; ma=2592000,h3-Q050=\":443\"; ma=2592000,h3-Q046=\":443\"; ma=2592000,h3-Q043=\":443\"; ma=2592000,quic=\":443\"; ma=2592000; v=\"46,43\"","accept-ranges":"none","transfer-encoding":"chunked"}
[info] i  functions: packaged functions (40.22 KB) for uploading 
[debug] [2020-11-21T05:45:29.544Z] >>> HTTP REQUEST GET https://cloudfunctions.googleapis.com/v1/projects/henrybankfire/locations/-/functions  
 
[debug] [2020-11-21T05:45:31.584Z] <<< HTTP RESPONSE 200 {"content-type":"application/json; charset=UTF-8","vary":"X-Origin, Referer, Origin,Accept-Encoding","date":"Sat, 21 Nov 2020 05:45:31 GMT","server":"ESF","cache-control":"private","x-xss-protection":"0","x-frame-options":"SAMEORIGIN","x-content-type-options":"nosniff","alt-svc":"h3-29=\":443\"; ma=2592000,h3-T051=\":443\"; ma=2592000,h3-Q050=\":443\"; ma=2592000,h3-Q046=\":443\"; ma=2592000,h3-Q043=\":443\"; ma=2592000,quic=\":443\"; ma=2592000; v=\"46,43\"","accept-ranges":"none","transfer-encoding":"chunked"}
[debug] [2020-11-21T05:45:31.588Z] >>> HTTP REQUEST POST https://cloudfunctions.googleapis.com/v1/projects/henrybankfire/locations/us-central1/functions:generateUploadUrl  
 
[debug] [2020-11-21T05:45:32.529Z] <<< HTTP RESPONSE 200 {"content-type":"application/json; charset=UTF-8","vary":"X-Origin, Referer, Origin,Accept-Encoding","date":"Sat, 21 Nov 2020 05:45:32 GMT","server":"ESF","cache-control":"private","x-xss-protection":"0","x-frame-options":"SAMEORIGIN","x-content-type-options":"nosniff","alt-svc":"h3-29=\":443\"; ma=2592000,h3-T051=\":443\"; ma=2592000,h3-Q050=\":443\"; ma=2592000,h3-Q046=\":443\"; ma=2592000,h3-Q043=\":443\"; ma=2592000,quic=\":443\"; ma=2592000; v=\"46,43\"","accept-ranges":"none","transfer-encoding":"chunked"}
[debug] [2020-11-21T05:45:32.531Z] >>> HTTP REQUEST PUT https://storage.googleapis.com/gcf-upload-us-central1-e90af5c7-924a-4d11-9502-6a77a392ff5f/c1c6913f-8af9-49bf-8033-292f66fdcaba.zip?GoogleAccessId=service-414362968909@gcf-admin-robot.iam.gserviceaccount.com&Expires=1605939332&Signature=Ox2UqoeM43wR6PtxDD4SWYhlnp1sw5%2Bsl2ri2NvKLwqPZvQQxahNFfhWf1v1QX%2B0%2B013kzcaBlfw6OMvNd9t2f3g%2F351St6H2S%2FcF1jeHfeBw0crtLXmncGN%2FG8Q%2FxB4Lon%2B%2BvMM0OEGQfgIpvy0QVHM0abwVDcRVR3ZbP3PbzCMmIf%2Fh1jPbY2HVKmNr5DQBSZWjWVf9tBsZlrV%2BnIu6fZE3wS0knDJGc107RGWRYPtQMT4y3%2F2ADzAZLvMekBftgMrt3b4iApK5cJJ0JhLv2RufxEWg2oikP74Sik4gEGzHx2RQ2q4apRt%2Bh1AHgpIopkFvr%2FO%2BXxGu%2BqDWsT6%2Fw%3D%3D  
 <request body omitted>
[debug] [2020-11-21T05:45:33.039Z] <<< HTTP RESPONSE 200 {"x-guploader-uploadid":"ABg5-UwGFYaxLsUIVJ0X4efytj0OxhVoSaD2NDytbe1bMriqjlYYhNi210GacfuMv8Tow15hvD6673PMR73khsSRhMkH4wXeQA","etag":"\"7855c38089b3a88c11bfd8a797b4fc23\"","x-goog-generation":"1605937532970602","x-goog-metageneration":"1","x-goog-hash":"crc32c=tJKCZg==, md5=eFXDgImzqIwRv9inl7T8Iw==","x-goog-stored-content-length":"41183","x-goog-stored-content-encoding":"identity","vary":"Origin","content-length":"0","date":"Sat, 21 Nov 2020 05:45:33 GMT","server":"UploadServer","content-type":"text/html; charset=UTF-8","alt-svc":"h3-29=\":443\"; ma=2592000,h3-T051=\":443\"; ma=2592000,h3-Q050=\":443\"; ma=2592000,h3-Q046=\":443\"; ma=2592000,h3-Q043=\":443\"; ma=2592000,quic=\":443\"; ma=2592000; v=\"46,43\""}
[info] +  functions: functions folder uploaded successfully 
[info] i  functions: updating Node.js 12 function ex(us-central1)... 
[debug] [2020-11-21T05:45:33.048Z] Trigger is:  {"httpsTrigger":{}}
[info] 
The following functions are found in your project but do not exist in your local source code:
	addPurchase(us-central1)
	cvuExist(us-central1)
	recargaV1(us-central1)

If you are renaming a function or changing its region, it is recommended that you create the new function first before deleting the old one to prevent event loss. For more info, visit https://firebase.google.com/docs/functions/manage-functions#modify

[info] i  functions: continuing with other deployments. 
[debug] [2020-11-21T05:45:35.870Z] >>> HTTP REQUEST PATCH https://cloudfunctions.googleapis.com/v1/projects/henrybankfire/locations/us-central1/functions/ex {"updateMask":"sourceUploadUrl,name,labels,runtime,environmentVariables,httpsTrigger"} 
 {"sourceUploadUrl":"https://storage.googleapis.com/gcf-upload-us-central1-e90af5c7-924a-4d11-9502-6a77a392ff5f/c1c6913f-8af9-49bf-8033-292f66fdcaba.zip?GoogleAccessId=service-414362968909@gcf-admin-robot.iam.gserviceaccount.com&Expires=1605939332&Signature=Ox2UqoeM43wR6PtxDD4SWYhlnp1sw5%2Bsl2ri2NvKLwqPZvQQxahNFfhWf1v1QX%2B0%2B013kzcaBlfw6OMvNd9t2f3g%2F351St6H2S%2FcF1jeHfeBw0crtLXmncGN%2FG8Q%2FxB4Lon%2B%2BvMM0OEGQfgIpvy0QVHM0abwVDcRVR3ZbP3PbzCMmIf%2Fh1jPbY2HVKmNr5DQBSZWjWVf9tBsZlrV%2BnIu6fZE3wS0knDJGc107RGWRYPtQMT4y3%2F2ADzAZLvMekBftgMrt3b4iApK5cJJ0JhLv2RufxEWg2oikP74Sik4gEGzHx2RQ2q4apRt%2Bh1AHgpIopkFvr%2FO%2BXxGu%2BqDWsT6%2Fw%3D%3D","name":"projects/henrybankfire/locations/us-central1/functions/ex","labels":{"deployment-tool":"cli-firebase"},"httpsTrigger":{},"runtime":"nodejs12","environmentVariables":{"FIREBASE_CONFIG":"{\"projectId\":\"henrybankfire\",\"databaseURL\":\"https://henrybankfire.firebaseio.com\",\"storageBucket\":\"henrybankfire.appspot.com\",\"locationId\":\"southamerica-east1\"}"}}
[debug] [2020-11-21T05:45:37.255Z] <<< HTTP RESPONSE 200 {"content-type":"application/json; charset=UTF-8","vary":"X-Origin, Referer, Origin,Accept-Encoding","date":"Sat, 21 Nov 2020 05:45:37 GMT","server":"ESF","cache-control":"private","x-xss-protection":"0","x-frame-options":"SAMEORIGIN","x-content-type-options":"nosniff","alt-svc":"h3-29=\":443\"; ma=2592000,h3-T051=\":443\"; ma=2592000,h3-Q050=\":443\"; ma=2592000,h3-Q046=\":443\"; ma=2592000,h3-Q043=\":443\"; ma=2592000,quic=\":443\"; ma=2592000; v=\"46,43\"","accept-ranges":"none","transfer-encoding":"chunked"}
[debug] [2020-11-21T05:45:37.259Z] >>> HTTP REQUEST GET https://cloudfunctions.googleapis.com/v1/projects/henrybankfire/locations/-/functions  
 
[debug] [2020-11-21T05:45:38.316Z] <<< HTTP RESPONSE 200 {"content-type":"application/json; charset=UTF-8","vary":"X-Origin, Referer, Origin,Accept-Encoding","date":"Sat, 21 Nov 2020 05:45:38 GMT","server":"ESF","cache-control":"private","x-xss-protection":"0","x-frame-options":"SAMEORIGIN","x-content-type-options":"nosniff","alt-svc":"h3-29=\":443\"; ma=2592000,h3-T051=\":443\"; ma=2592000,h3-Q050=\":443\"; ma=2592000,h3-Q046=\":443\"; ma=2592000,h3-Q043=\":443\"; ma=2592000,quic=\":443\"; ma=2592000; v=\"46,43\"","accept-ranges":"none","transfer-encoding":"chunked"}
[debug] [2020-11-21T05:45:38.319Z] >>> HTTP REQUEST GET https://cloudfunctions.googleapis.com/v1/operations/aGVucnliYW5rZmlyZS91cy1jZW50cmFsMS9leC9xTVlGS1lsekVnZw  
 
[debug] [2020-11-21T05:45:38.696Z] <<< HTTP RESPONSE 200 {"content-type":"application/json; charset=UTF-8","vary":"X-Origin, Referer, Origin,Accept-Encoding","date":"Sat, 21 Nov 2020 05:45:38 GMT","server":"ESF","cache-control":"private","x-xss-protection":"0","x-frame-options":"SAMEORIGIN","x-content-type-options":"nosniff","alt-svc":"h3-29=\":443\"; ma=2592000,h3-T051=\":443\"; ma=2592000,h3-Q050=\":443\"; ma=2592000,h3-Q046=\":443\"; ma=2592000,h3-Q043=\":443\"; ma=2592000,quic=\":443\"; ma=2592000; v=\"46,43\"","accept-ranges":"none","transfer-encoding":"chunked"}
[debug] [2020-11-21T05:45:40.706Z] >>> HTTP REQUEST GET https://cloudfunctions.googleapis.com/v1/operations/aGVucnliYW5rZmlyZS91cy1jZW50cmFsMS9leC9xTVlGS1lsekVnZw  
 
[debug] [2020-11-21T05:45:41.183Z] <<< HTTP RESPONSE 200 {"content-type":"application/json; charset=UTF-8","vary":"X-Origin, Referer, Origin,Accept-Encoding","date":"Sat, 21 Nov 2020 05:45:41 GMT","server":"ESF","cache-control":"private","x-xss-protection":"0","x-frame-options":"SAMEORIGIN","x-content-type-options":"nosniff","alt-svc":"h3-29=\":443\"; ma=2592000,h3-T051=\":443\"; ma=2592000,h3-Q050=\":443\"; ma=2592000,h3-Q046=\":443\"; ma=2592000,h3-Q043=\":443\"; ma=2592000,quic=\":443\"; ma=2592000; v=\"46,43\"","accept-ranges":"none","transfer-encoding":"chunked"}
[debug] [2020-11-21T05:45:43.189Z] >>> HTTP REQUEST GET https://cloudfunctions.googleapis.com/v1/operations/aGVucnliYW5rZmlyZS91cy1jZW50cmFsMS9leC9xTVlGS1lsekVnZw  
 
[debug] [2020-11-21T05:45:43.587Z] <<< HTTP RESPONSE 200 {"content-type":"application/json; charset=UTF-8","vary":"X-Origin, Referer, Origin,Accept-Encoding","date":"Sat, 21 Nov 2020 05:45:43 GMT","server":"ESF","cache-control":"private","x-xss-protection":"0","x-frame-options":"SAMEORIGIN","x-content-type-options":"nosniff","alt-svc":"h3-29=\":443\"; ma=2592000,h3-T051=\":443\"; ma=2592000,h3-Q050=\":443\"; ma=2592000,h3-Q046=\":443\"; ma=2592000,h3-Q043=\":443\"; ma=2592000,quic=\":443\"; ma=2592000; v=\"46,43\"","accept-ranges":"none","transfer-encoding":"chunked"}
[debug] [2020-11-21T05:45:45.595Z] >>> HTTP REQUEST GET https://cloudfunctions.googleapis.com/v1/operations/aGVucnliYW5rZmlyZS91cy1jZW50cmFsMS9leC9xTVlGS1lsekVnZw  
 
[debug] [2020-11-21T05:45:46.303Z] <<< HTTP RESPONSE 200 {"content-type":"application/json; charset=UTF-8","vary":"X-Origin, Referer, Origin,Accept-Encoding","date":"Sat, 21 Nov 2020 05:45:46 GMT","server":"ESF","cache-control":"private","x-xss-protection":"0","x-frame-options":"SAMEORIGIN","x-content-type-options":"nosniff","alt-svc":"h3-29=\":443\"; ma=2592000,h3-T051=\":443\"; ma=2592000,h3-Q050=\":443\"; ma=2592000,h3-Q046=\":443\"; ma=2592000,h3-Q043=\":443\"; ma=2592000,quic=\":443\"; ma=2592000; v=\"46,43\"","accept-ranges":"none","transfer-encoding":"chunked"}
[debug] [2020-11-21T05:45:48.317Z] >>> HTTP REQUEST GET https://cloudfunctions.googleapis.com/v1/operations/aGVucnliYW5rZmlyZS91cy1jZW50cmFsMS9leC9xTVlGS1lsekVnZw  
 
[debug] [2020-11-21T05:45:49.023Z] <<< HTTP RESPONSE 200 {"content-type":"application/json; charset=UTF-8","vary":"X-Origin, Referer, Origin,Accept-Encoding","date":"Sat, 21 Nov 2020 05:45:48 GMT","server":"ESF","cache-control":"private","x-xss-protection":"0","x-frame-options":"SAMEORIGIN","x-content-type-options":"nosniff","alt-svc":"h3-29=\":443\"; ma=2592000,h3-T051=\":443\"; ma=2592000,h3-Q050=\":443\"; ma=2592000,h3-Q046=\":443\"; ma=2592000,h3-Q043=\":443\"; ma=2592000,quic=\":443\"; ma=2592000; v=\"46,43\"","accept-ranges":"none","transfer-encoding":"chunked"}
[debug] [2020-11-21T05:45:51.034Z] >>> HTTP REQUEST GET https://cloudfunctions.googleapis.com/v1/operations/aGVucnliYW5rZmlyZS91cy1jZW50cmFsMS9leC9xTVlGS1lsekVnZw  
 
[debug] [2020-11-21T05:45:51.588Z] <<< HTTP RESPONSE 200 {"content-type":"application/json; charset=UTF-8","vary":"X-Origin, Referer, Origin,Accept-Encoding","date":"Sat, 21 Nov 2020 05:45:51 GMT","server":"ESF","cache-control":"private","x-xss-protection":"0","x-frame-options":"SAMEORIGIN","x-content-type-options":"nosniff","alt-svc":"h3-29=\":443\"; ma=2592000,h3-T051=\":443\"; ma=2592000,h3-Q050=\":443\"; ma=2592000,h3-Q046=\":443\"; ma=2592000,h3-Q043=\":443\"; ma=2592000,quic=\":443\"; ma=2592000; v=\"46,43\"","accept-ranges":"none","transfer-encoding":"chunked"}
[debug] [2020-11-21T05:45:53.596Z] >>> HTTP REQUEST GET https://cloudfunctions.googleapis.com/v1/operations/aGVucnliYW5rZmlyZS91cy1jZW50cmFsMS9leC9xTVlGS1lsekVnZw  
 
[debug] [2020-11-21T05:45:54.303Z] <<< HTTP RESPONSE 200 {"content-type":"application/json; charset=UTF-8","vary":"X-Origin, Referer, Origin,Accept-Encoding","date":"Sat, 21 Nov 2020 05:45:54 GMT","server":"ESF","cache-control":"private","x-xss-protection":"0","x-frame-options":"SAMEORIGIN","x-content-type-options":"nosniff","alt-svc":"h3-29=\":443\"; ma=2592000,h3-T051=\":443\"; ma=2592000,h3-Q050=\":443\"; ma=2592000,h3-Q046=\":443\"; ma=2592000,h3-Q043=\":443\"; ma=2592000,quic=\":443\"; ma=2592000; v=\"46,43\"","accept-ranges":"none","transfer-encoding":"chunked"}
[debug] [2020-11-21T05:45:56.312Z] >>> HTTP REQUEST GET https://cloudfunctions.googleapis.com/v1/operations/aGVucnliYW5rZmlyZS91cy1jZW50cmFsMS9leC9xTVlGS1lsekVnZw  
 
[debug] [2020-11-21T05:45:56.703Z] <<< HTTP RESPONSE 200 {"content-type":"application/json; charset=UTF-8","vary":"X-Origin, Referer, Origin,Accept-Encoding","date":"Sat, 21 Nov 2020 05:45:56 GMT","server":"ESF","cache-control":"private","x-xss-protection":"0","x-frame-options":"SAMEORIGIN","x-content-type-options":"nosniff","alt-svc":"h3-29=\":443\"; ma=2592000,h3-T051=\":443\"; ma=2592000,h3-Q050=\":443\"; ma=2592000,h3-Q046=\":443\"; ma=2592000,h3-Q043=\":443\"; ma=2592000,quic=\":443\"; ma=2592000; v=\"46,43\"","accept-ranges":"none","transfer-encoding":"chunked"}
[debug] [2020-11-21T05:45:58.717Z] >>> HTTP REQUEST GET https://cloudfunctions.googleapis.com/v1/operations/aGVucnliYW5rZmlyZS91cy1jZW50cmFsMS9leC9xTVlGS1lsekVnZw  
 
[debug] [2020-11-21T05:45:59.263Z] <<< HTTP RESPONSE 200 {"content-type":"application/json; charset=UTF-8","vary":"X-Origin, Referer, Origin,Accept-Encoding","date":"Sat, 21 Nov 2020 05:45:59 GMT","server":"ESF","cache-control":"private","x-xss-protection":"0","x-frame-options":"SAMEORIGIN","x-content-type-options":"nosniff","alt-svc":"h3-29=\":443\"; ma=2592000,h3-T051=\":443\"; ma=2592000,h3-Q050=\":443\"; ma=2592000,h3-Q046=\":443\"; ma=2592000,h3-Q043=\":443\"; ma=2592000,quic=\":443\"; ma=2592000; v=\"46,43\"","accept-ranges":"none","transfer-encoding":"chunked"}
[debug] [2020-11-21T05:46:01.273Z] >>> HTTP REQUEST GET https://cloudfunctions.googleapis.com/v1/operations/aGVucnliYW5rZmlyZS91cy1jZW50cmFsMS9leC9xTVlGS1lsekVnZw  
 
[debug] [2020-11-21T05:46:01.825Z] <<< HTTP RESPONSE 200 {"content-type":"application/json; charset=UTF-8","vary":"X-Origin, Referer, Origin,Accept-Encoding","date":"Sat, 21 Nov 2020 05:46:01 GMT","server":"ESF","cache-control":"private","x-xss-protection":"0","x-frame-options":"SAMEORIGIN","x-content-type-options":"nosniff","alt-svc":"h3-29=\":443\"; ma=2592000,h3-T051=\":443\"; ma=2592000,h3-Q050=\":443\"; ma=2592000,h3-Q046=\":443\"; ma=2592000,h3-Q043=\":443\"; ma=2592000,quic=\":443\"; ma=2592000; v=\"46,43\"","accept-ranges":"none","transfer-encoding":"chunked"}
[debug] [2020-11-21T05:46:03.838Z] >>> HTTP REQUEST GET https://cloudfunctions.googleapis.com/v1/operations/aGVucnliYW5rZmlyZS91cy1jZW50cmFsMS9leC9xTVlGS1lsekVnZw  
 
[debug] [2020-11-21T05:46:04.233Z] <<< HTTP RESPONSE 200 {"content-type":"application/json; charset=UTF-8","vary":"X-Origin, Referer, Origin,Accept-Encoding","date":"Sat, 21 Nov 2020 05:46:04 GMT","server":"ESF","cache-control":"private","x-xss-protection":"0","x-frame-options":"SAMEORIGIN","x-content-type-options":"nosniff","alt-svc":"h3-29=\":443\"; ma=2592000,h3-T051=\":443\"; ma=2592000,h3-Q050=\":443\"; ma=2592000,h3-Q046=\":443\"; ma=2592000,h3-Q043=\":443\"; ma=2592000,quic=\":443\"; ma=2592000; v=\"46,43\"","accept-ranges":"none","transfer-encoding":"chunked"}
[debug] [2020-11-21T05:46:06.241Z] >>> HTTP REQUEST GET https://cloudfunctions.googleapis.com/v1/operations/aGVucnliYW5rZmlyZS91cy1jZW50cmFsMS9leC9xTVlGS1lsekVnZw  
 
[debug] [2020-11-21T05:46:06.640Z] <<< HTTP RESPONSE 200 {"content-type":"application/json; charset=UTF-8","vary":"X-Origin, Referer, Origin,Accept-Encoding","date":"Sat, 21 Nov 2020 05:46:06 GMT","server":"ESF","cache-control":"private","x-xss-protection":"0","x-frame-options":"SAMEORIGIN","x-content-type-options":"nosniff","alt-svc":"h3-29=\":443\"; ma=2592000,h3-T051=\":443\"; ma=2592000,h3-Q050=\":443\"; ma=2592000,h3-Q046=\":443\"; ma=2592000,h3-Q043=\":443\"; ma=2592000,quic=\":443\"; ma=2592000; v=\"46,43\"","accept-ranges":"none","transfer-encoding":"chunked"}
[debug] [2020-11-21T05:46:08.653Z] >>> HTTP REQUEST GET https://cloudfunctions.googleapis.com/v1/operations/aGVucnliYW5rZmlyZS91cy1jZW50cmFsMS9leC9xTVlGS1lsekVnZw  
 
[debug] [2020-11-21T05:46:09.343Z] <<< HTTP RESPONSE 200 {"content-type":"application/json; charset=UTF-8","vary":"X-Origin, Referer, Origin,Accept-Encoding","date":"Sat, 21 Nov 2020 05:46:09 GMT","server":"ESF","cache-control":"private","x-xss-protection":"0","x-frame-options":"SAMEORIGIN","x-content-type-options":"nosniff","alt-svc":"h3-29=\":443\"; ma=2592000,h3-T051=\":443\"; ma=2592000,h3-Q050=\":443\"; ma=2592000,h3-Q046=\":443\"; ma=2592000,h3-Q043=\":443\"; ma=2592000,quic=\":443\"; ma=2592000; v=\"46,43\"","accept-ranges":"none","transfer-encoding":"chunked"}
[debug] [2020-11-21T05:46:11.350Z] >>> HTTP REQUEST GET https://cloudfunctions.googleapis.com/v1/operations/aGVucnliYW5rZmlyZS91cy1jZW50cmFsMS9leC9xTVlGS1lsekVnZw  
 
[debug] [2020-11-21T05:46:11.973Z] <<< HTTP RESPONSE 200 {"content-type":"application/json; charset=UTF-8","vary":"X-Origin, Referer, Origin,Accept-Encoding","date":"Sat, 21 Nov 2020 05:46:11 GMT","server":"ESF","cache-control":"private","x-xss-protection":"0","x-frame-options":"SAMEORIGIN","x-content-type-options":"nosniff","alt-svc":"h3-29=\":443\"; ma=2592000,h3-T051=\":443\"; ma=2592000,h3-Q050=\":443\"; ma=2592000,h3-Q046=\":443\"; ma=2592000,h3-Q043=\":443\"; ma=2592000,quic=\":443\"; ma=2592000; v=\"46,43\"","accept-ranges":"none","transfer-encoding":"chunked"}
[debug] [2020-11-21T05:46:13.987Z] >>> HTTP REQUEST GET https://cloudfunctions.googleapis.com/v1/operations/aGVucnliYW5rZmlyZS91cy1jZW50cmFsMS9leC9xTVlGS1lsekVnZw  
 
[debug] [2020-11-21T05:46:14.460Z] <<< HTTP RESPONSE 200 {"content-type":"application/json; charset=UTF-8","vary":"X-Origin, Referer, Origin,Accept-Encoding","date":"Sat, 21 Nov 2020 05:46:14 GMT","server":"ESF","cache-control":"private","x-xss-protection":"0","x-frame-options":"SAMEORIGIN","x-content-type-options":"nosniff","alt-svc":"h3-29=\":443\"; ma=2592000,h3-T051=\":443\"; ma=2592000,h3-Q050=\":443\"; ma=2592000,h3-Q046=\":443\"; ma=2592000,h3-Q043=\":443\"; ma=2592000,quic=\":443\"; ma=2592000; v=\"46,43\"","accept-ranges":"none","transfer-encoding":"chunked"}
